<?xml version="1.0" encoding="UTF-8"?>
<!-- Generated by org.testng.reporters.JUnitReportReporter -->
<testsuite skipped="0" hostname="f45c899d4237" name="com.selenium.basicCommands.SeleniumBasicCommands" tests="1" failures="0" timestamp="14 Oct 2018 03:09:21 GMT" time="27.496" errors="0">
  <testcase name="seleniumCommands" time="27.496" classname="com.selenium.basicCommands.SeleniumBasicCommands"/>
</testsuite> <!-- com.selenium.basicCommands.SeleniumBasicCommands -->
