<?xml version="1.0" encoding="UTF-8"?>
<!-- Generated by org.testng.reporters.JUnitReportReporter -->
<testsuite skipped="0" hostname="f45c899d4237" name="com.selenium.basicCommands.SeleniumCommands2" tests="1" failures="0" timestamp="19 Oct 2018 02:50:14 GMT" time="89.903" errors="0">
  <testcase name="seleniumCoreCommands" time="89.903" classname="com.selenium.basicCommands.SeleniumCommands2"/>
</testsuite> <!-- com.selenium.basicCommands.SeleniumCommands2 -->
