<?xml version="1.0" encoding="UTF-8"?>
<!-- Generated by org.testng.reporters.JUnitReportReporter -->
<testsuite skipped="0" hostname="f45c899d4237" name="testScripts.SignInTestCases" tests="8" failures="0" timestamp="31 Oct 2018 03:03:04 GMT" time="31.115" errors="0">
  <testcase name="validateNegativeSignInScenarios" time="3.628" classname="testScripts.SignInTestCases"/>
  <testcase name="validateNegativeSignInScenarios" time="4.513" classname="testScripts.SignInTestCases"/>
  <testcase name="validateNegativeSignInScenarios" time="4.226" classname="testScripts.SignInTestCases"/>
  <testcase name="validateNegativeSignInScenarios" time="3.352" classname="testScripts.SignInTestCases"/>
  <testcase name="validateNegativeSignInScenarios" time="3.380" classname="testScripts.SignInTestCases"/>
  <testcase name="validateSignInFunctionality" time="4.369" classname="testScripts.SignInTestCases"/>
  <testcase name="validateNegativeSignInScenarios" time="3.741" classname="testScripts.SignInTestCases"/>
  <testcase name="validateNegativeSignInScenarios" time="3.906" classname="testScripts.SignInTestCases"/>
</testsuite> <!-- testScripts.SignInTestCases -->
