<?xml version="1.0" encoding="UTF-8"?>
<!-- Generated by org.testng.reporters.JUnitReportReporter -->
<testsuite skipped="0" hostname="f45c899d4237" name="testScripts.ProfileTestCases" tests="1" failures="0" timestamp="02 Nov 2018 02:11:58 GMT" time="32.956" errors="0">
  <testcase name="validatingEditProfileFunctionality" time="32.956" classname="testScripts.ProfileTestCases"/>
</testsuite> <!-- testScripts.ProfileTestCases -->
