<?xml version="1.0" encoding="UTF-8"?>
<!-- Generated by org.testng.reporters.JUnitReportReporter -->
<testsuite skipped="0" hostname="f45c899d4237" name="testScripts.SignInTestCases" tests="1" failures="0" timestamp="27 Oct 2018 07:02:27 GMT" time="5.800" errors="0">
  <testcase name="validateSignInFunctionality" time="5.800" classname="testScripts.SignInTestCases"/>
</testsuite> <!-- testScripts.SignInTestCases -->
