<?xml version="1.0" encoding="UTF-8"?>
<!-- Generated by org.testng.reporters.JUnitReportReporter -->
<testsuite skipped="0" hostname="f45c899d4237" name="com.selenium.basicCommands.SignInTestCases" tests="7" failures="0" timestamp="20 Oct 2018 02:24:27 GMT" time="90.852" errors="0">
  <testcase name="validateNegativeSignInScenarios" time="9.446" classname="com.selenium.basicCommands.SignInTestCases"/>
  <testcase name="validateNegativeSignInScenarios" time="9.180" classname="com.selenium.basicCommands.SignInTestCases"/>
  <testcase name="validateNegativeSignInScenarios" time="8.407" classname="com.selenium.basicCommands.SignInTestCases"/>
  <testcase name="validateNegativeSignInScenarios" time="22.689" classname="com.selenium.basicCommands.SignInTestCases"/>
  <testcase name="validateNegativeSignInScenarios" time="13.725" classname="com.selenium.basicCommands.SignInTestCases"/>
  <testcase name="validateNegativeSignInScenarios" time="17.708" classname="com.selenium.basicCommands.SignInTestCases"/>
  <testcase name="validateNegativeSignInScenarios" time="9.697" classname="com.selenium.basicCommands.SignInTestCases"/>
</testsuite> <!-- com.selenium.basicCommands.SignInTestCases -->
